0 info it worked if it ends with ok
1 verbose cli [ 'C:\\Program Files\\nodejs\\node.exe',
1 verbose cli   'C:\\Program Files\\nodejs\\node_modules\\cnpm\\node_modules\\.3.10.10@npm\\bin\\npm-cli.js',
1 verbose cli   '--userconfig=C:\\Users\\Administrator\\.cnpmrc',
1 verbose cli   '--disturl=https://npm.taobao.org/mirrors/node',
1 verbose cli   '--registry=https://registry.npm.taobao.org',
1 verbose cli   'run',
1 verbose cli   'build' ]
2 info using npm@3.10.10
3 info using node@v4.6.1
4 verbose run-script [ 'prebuild', 'build', 'postbuild' ]
5 info lifecycle vue@1.0.0~prebuild: vue@1.0.0
6 silly lifecycle vue@1.0.0~prebuild: no script for prebuild, continuing
7 info lifecycle vue@1.0.0~build: vue@1.0.0
8 verbose lifecycle vue@1.0.0~build: unsafe-perm in lifecycle true
9 verbose lifecycle vue@1.0.0~build: PATH: C:\Program Files\nodejs\node_modules\cnpm\node_modules\.3.10.10@npm\bin\node-gyp-bin;C:\Users\Administrator\Desktop\DARA2\vuejs2\node_modules\.bin;C:\Users\Administrator\bin;C:\Program Files\Git\mingw64\bin;C:\Program Files\Git\usr\local\bin;C:\Program Files\Git\usr\bin;C:\Program Files\Git\usr\bin;C:\Program Files\Git\mingw64\bin;C:\Program Files\Git\usr\bin;C:\Users\Administrator\bin;C:\Windows\system32;C:\Windows;C:\Windows\System32\Wbem;C:\Windows\System32\WindowsPowerShell\v1.0;C:\Program Files (x86)\SlikSvn\bin;C:\Program Files\TortoiseSVN\bin;C:\Program Files\nodejs;C:\Program Files\Git\cmd;C:\Program Files (x86)\VisualSVN Server\bin;C:\Users\Administrator\AppData\Roaming\npm;C:\Program Files\Git\usr\bin\vendor_perl;C:\Program Files\Git\usr\bin\core_perl
10 verbose lifecycle vue@1.0.0~build: CWD: C:\Users\Administrator\Desktop\DARA2\vuejs2
11 silly lifecycle vue@1.0.0~build: Args: [ '/d /s /c', 'webpack-dev-server --inline --hot' ]
12 silly lifecycle vue@1.0.0~build: Returned: code: 1  signal: null
13 info lifecycle vue@1.0.0~build: Failed to exec build script
14 verbose stack Error: vue@1.0.0 build: `webpack-dev-server --inline --hot`
14 verbose stack Exit status 1
14 verbose stack     at EventEmitter.<anonymous> (C:\Program Files\nodejs\node_modules\cnpm\node_modules\.3.10.10@npm\lib\utils\lifecycle.js:255:16)
14 verbose stack     at emitTwo (events.js:87:13)
14 verbose stack     at EventEmitter.emit (events.js:172:7)
14 verbose stack     at ChildProcess.<anonymous> (C:\Program Files\nodejs\node_modules\cnpm\node_modules\.3.10.10@npm\lib\utils\spawn.js:40:14)
14 verbose stack     at emitTwo (events.js:87:13)
14 verbose stack     at ChildProcess.emit (events.js:172:7)
14 verbose stack     at maybeClose (internal/child_process.js:829:16)
14 verbose stack     at Process.ChildProcess._handle.onexit (internal/child_process.js:211:5)
15 verbose pkgid vue@1.0.0
16 verbose cwd C:\Users\Administrator\Desktop\DARA2\vuejs2
17 error Windows_NT 6.1.7601
18 error argv "C:\\Program Files\\nodejs\\node.exe" "C:\\Program Files\\nodejs\\node_modules\\cnpm\\node_modules\\.3.10.10@npm\\bin\\npm-cli.js" "--userconfig=C:\\Users\\Administrator\\.cnpmrc" "--disturl=https://npm.taobao.org/mirrors/node" "--registry=https://registry.npm.taobao.org" "run" "build"
19 error node v4.6.1
20 error npm  v3.10.10
21 error code ELIFECYCLE
22 error vue@1.0.0 build: `webpack-dev-server --inline --hot`
22 error Exit status 1
23 error Failed at the vue@1.0.0 build script 'webpack-dev-server --inline --hot'.
23 error Make sure you have the latest version of node.js and npm installed.
23 error If you do, this is most likely a problem with the vue package,
23 error not with npm itself.
23 error Tell the author that this fails on your system:
23 error     webpack-dev-server --inline --hot
23 error You can get information on how to open an issue for this project with:
23 error     npm bugs vue
23 error Or if that isn't available, you can get their info via:
23 error     npm owner ls vue
23 error There is likely additional logging output above.
24 verbose exit [ 1, true ]
